  Building 'CNN-FileQueue-Driver' with toolset 'WindowsKernelModeDriver10.0' and the 'Universal' target platform.
  Stamping x64\Debug\CNN-FileQueue-Driver.inf
  Stamping [Version] section with DriverVer=10/05/2024,21.24.0.834
  device.c
  driver.c
  FileQueue.c
  Generating Code...
  CNN-FileQueue-Driver.vcxproj -> C:\Users\blues\Source\Repos\Hackathoon-Nasa\CNN-FileQueue-Driver\x64\Debug\CNN-FileQueue-Driver.sys
  Done Adding Additional Store
  Successfully signed: C:\Users\blues\Source\Repos\Hackathoon-Nasa\CNN-FileQueue-Driver\x64\Debug\CNN-FileQueue-Driver.sys
  
  Driver is 'Universal'.
  ........................
  Signability test complete.
  
  Errors:
  None
  
  Warnings:
  None
  
  Catalog generation complete.
  C:\Users\blues\Source\Repos\Hackathoon-Nasa\CNN-FileQueue-Driver\x64\Debug\CNN-FileQueue-Driver\cnn-filequeue-driver.cat
  Done Adding Additional Store
  Successfully signed: C:\Users\blues\Source\Repos\Hackathoon-Nasa\CNN-FileQueue-Driver\x64\Debug\CNN-FileQueue-Driver\cnn-filequeue-driver.cat
  
